#
# A fatal error has been detected by the Java Runtime Environment:
#
#  EXCEPTION_ACCESS_VIOLATION (0xc0000005) at pc=0x00007ff957575a98, pid=39952, tid=32140
#
# JRE version: OpenJDK Runtime Environment Temurin-21.0.2+13 (21.0.2+13) (build 21.0.2+13-LTS)
# Java VM: OpenJDK 64-Bit Server VM Temurin-21.0.2+13 (21.0.2+13-LTS, mixed mode, emulated-client, sharing, tiered, compressed oops, compressed class ptrs, g1 gc, windows-amd64)
# Problematic frame:
# V  [jvm.dll+0x355a98]
#
# No core dump will be written. Minidumps are not enabled by default on client versions of Windows
#
# If you would like to submit a bug report, please visit:
#   https://github.com/adoptium/adoptium-support/issues
#

---------------  S U M M A R Y ------------

Command Line: -XX:+ShowCodeDetailsInExceptionMessages -agentlib:jdwp=transport=dt_socket,suspend=y,address=localhost:54934 -Dcom.sun.management.jmxremote -Dcom.sun.management.jmxremote.port=54933 -Dcom.sun.management.jmxremote.authenticate=false -Dcom.sun.management.jmxremote.ssl=false -Djava.rmi.server.hostname=localhost -Dspring.jmx.enabled=true -Dmanagement.endpoints.jmx.exposure.include=* -Dspring.application.admin.enabled=true -XX:TieredStopAtLevel=1 -Dspring.boot.project.name=CarSales -javaagent:C:\pleiades\2024-03\eclipse\configuration\org.eclipse.osgi\418\0\.cp\lib\javaagent-shaded.jar -Dfile.encoding=UTF-8 -Dstdout.encoding=UTF-8 -Dstderr.encoding=UTF-8 com.mycompany.carsales.CarSalesApplication --spring.output.ansi.enabled=always

Host: AMD Ryzen 7 3700X 8-Core Processor             , 16 cores, 31G,  Windows 10 , 64 bit Build 19041 (10.0.19041.3636)
Time: Tue Jun 11 00:46:48 2024  Windows 10 , 64 bit Build 19041 (10.0.19041.3636) elapsed time: 542.240642 seconds (0d 0h 9m 2s)

---------------  T H R E A D  ---------------

Current thread (0x000002157346ab80):  WorkerThread "GC Thread#2"    [id=32140, stack(0x0000008f12500000,0x0000008f12600000) (1024K)]

Stack: [0x0000008f12500000,0x0000008f12600000],  sp=0x0000008f125fe090,  free space=1016k
Native frames: (J=compiled Java code, j=interpreted, Vv=VM code, C=native code)
V  [jvm.dll+0x355a98]
V  [jvm.dll+0x363dec]
V  [jvm.dll+0x31452b]
V  [jvm.dll+0x313f7d]
V  [jvm.dll+0x3ebbd5]
V  [jvm.dll+0x84cea6]
V  [jvm.dll+0x856931]
V  [jvm.dll+0x3646da]
V  [jvm.dll+0x36456a]
V  [jvm.dll+0x36be34]
V  [jvm.dll+0x36bfab]
V  [jvm.dll+0x8d0f87]
V  [jvm.dll+0x84cb3b]
V  [jvm.dll+0x6c7c2d]
C  [ucrtbase.dll+0x21bb2]
C  [KERNEL32.DLL+0x17344]
C  [ntdll.dll+0x526b1]

JavaThread 0x00000215754b1e10 (nid = 22584) was being processed
Java frames: (J=compiled Java code, j=interpreted, Vv=VM code)
j  java.lang.invoke.DirectMethodHandle$Holder.newInvokeSpecial(Ljava/lang/Object;)Ljava/lang/Object;+15 java.base@21.0.2
J 905 c1 jdk.internal.reflect.DirectConstructorHandleAccessor.newInstance([Ljava/lang/Object;)Ljava/lang/Object; java.base@21.0.2 (130 bytes) @ 0x000002155ddc60ec [0x000002155ddc5ee0+0x000000000000020c]
J 904 c1 java.lang.reflect.Constructor.newInstanceWithCaller([Ljava/lang/Object;ZLjava/lang/Class;)Ljava/lang/Object; java.base@21.0.2 (51 bytes) @ 0x000002155ddc043c [0x000002155ddc0360+0x00000000000000dc]
J 3422 c1 org.springframework.beans.BeanUtils.instantiateClass(Ljava/lang/reflect/Constructor;[Ljava/lang/Object;)Ljava/lang/Object; (208 bytes) @ 0x000002155e359d8c [0x000002155e359800+0x000000000000058c]
j  org.springframework.beans.factory.support.SimpleInstantiationStrategy.instantiate(Lorg/springframework/beans/factory/support/RootBeanDefinition;Ljava/lang/String;Lorg/springframework/beans/factory/BeanFactory;)Ljava/lang/Object;+111
j  org.springframework.beans.factory.support.AbstractAutowireCapableBeanFactory.instantiateBean(Ljava/lang/String;Lorg/springframework/beans/factory/support/RootBeanDefinition;)Lorg/springframework/beans/BeanWrapper;+7
J 5802 c1 org.springframework.beans.factory.support.AbstractAutowireCapableBeanFactory.createBeanInstance(Ljava/lang/String;Lorg/springframework/beans/factory/support/RootBeanDefinition;[Ljava/lang/Object;)Lorg/springframework/beans/BeanWrapper; (245 bytes) @ 0x000002155e732584 [0x000002155e731f40+0x0000000000000644]
J 5801 c1 org.springframework.beans.factory.support.AbstractAutowireCapableBeanFactory.doCreateBean(Ljava/lang/String;Lorg/springframework/beans/factory/support/RootBeanDefinition;[Ljava/lang/Object;)Ljava/lang/Object; (469 bytes) @ 0x000002155e733ccc [0x000002155e733b20+0x00000000000001ac]
J 5800 c1 org.springframework.beans.factory.support.AbstractAutowireCapableBeanFactory.createBean(Ljava/lang/String;Lorg/springframework/beans/factory/support/RootBeanDefinition;[Ljava/lang/Object;)Ljava/lang/Object; (214 bytes) @ 0x000002155e72ecbc [0x000002155e72e7c0+0x00000000000004fc]
J 5818 c1 org.springframework.beans.factory.support.AbstractBeanFactory$$Lambda+0x0000021501272c90.getObject()Ljava/lang/Object; (20 bytes) @ 0x000002155e74083c [0x000002155e7407a0+0x000000000000009c]
J 5817 c1 org.springframework.beans.factory.support.DefaultSingletonBeanRegistry.getSingleton(Ljava/lang/String;Lorg/springframework/beans/factory/ObjectFactory;)Ljava/lang/Object; (279 bytes) @ 0x000002155e73e53c [0x000002155e73e1e0+0x000000000000035c]
J 3201 c1 org.springframework.beans.factory.support.AbstractBeanFactory.doGetBean(Ljava/lang/String;Ljava/lang/Class;[Ljava/lang/Object;Z)Ljava/lang/Object; (787 bytes) @ 0x000002155e2f08b4 [0x000002155e2f0240+0x0000000000000674]
J 5685 c1 org.springframework.beans.factory.support.AbstractBeanFactory.getBean(Ljava/lang/String;)Ljava/lang/Object; (9 bytes) @ 0x000002155e6f4434 [0x000002155e6f43c0+0x0000000000000074]
j  org.springframework.beans.factory.support.DefaultListableBeanFactory.preInstantiateSingletons()V+152
j  org.springframework.context.support.AbstractApplicationContext.finishBeanFactoryInitialization(Lorg/springframework/beans/factory/config/ConfigurableListableBeanFactory;)V+135
j  org.springframework.context.support.AbstractApplicationContext.refresh()V+94
j  org.springframework.boot.web.servlet.context.ServletWebServerApplicationContext.refresh()V+1
j  org.springframework.boot.SpringApplication.refresh(Lorg/springframework/context/ConfigurableApplicationContext;)V+1
j  org.springframework.boot.SpringApplication.refreshContext(Lorg/springframework/context/ConfigurableApplicationContext;)V+16
j  org.springframework.boot.SpringApplication.run([Ljava/lang/String;)Lorg/springframework/context/ConfigurableApplicationContext;+110
j  org.springframework.boot.SpringApplication.run([Ljava/lang/Class;[Ljava/lang/String;)Lorg/springframework/context/ConfigurableApplicationContext;+9
j  org.springframework.boot.SpringApplication.run(Ljava/lang/Class;[Ljava/lang/String;)Lorg/springframework/context/ConfigurableApplicationContext;+9
j  com.mycompany.carsales.CarSalesApplication.main([Ljava/lang/String;)V+3
j  java.lang.invoke.LambdaForm$DMH+0x0000021501004c00.invokeStatic(Ljava/lang/Object;Ljava/lang/Object;)V+10 java.base@21.0.2
j  java.lang.invoke.LambdaForm$MH+0x0000021501138800.invoke(Ljava/lang/Object;Ljava/lang/Object;Ljava/lang/Object;)Ljava/lang/Object;+33 java.base@21.0.2
J 4563 c1 jdk.internal.reflect.DirectMethodHandleAccessor.invoke(Ljava/lang/Object;[Ljava/lang/Object;)Ljava/lang/Object; java.base@21.0.2 (92 bytes) @ 0x000002155e531e7c [0x000002155e531ac0+0x00000000000003bc]
J 4624 c1 java.lang.reflect.Method.invoke(Ljava/lang/Object;[Ljava/lang/Object;)Ljava/lang/Object; java.base@21.0.2 (108 bytes) @ 0x000002155e54a1f4 [0x000002155e54a000+0x00000000000001f4]
j  org.springframework.boot.devtools.restart.RestartLauncher.run()V+47
v  ~StubRoutines::call_stub 0x000002155da2100d

siginfo: EXCEPTION_ACCESS_VIOLATION (0xc0000005), reading address 0xffffffffffffffff


Registers:
RAX=0x398368b0042b0120, RBX=0x0000000000000001, RCX=0x000000000002243f, RDX=0x000000000002243f
RSP=0x0000008f125fe090, RBP=0x0000000000000008, RSI=0x0000008f10cfd9c0, RDI=0x0000008f10cfd9c0
R8 =0x00000215553665c0, R9 =0x000000000e5a0a00, R10=0x00000215553665c0, R11=0x0000008f125fe2d8
R12=0x000000000e5a0a00, R13=0x0000008f10cfd9c0, R14=0x0000021574c49860, R15=0x000002150072d03f
RIP=0x00007ff957575a98, EFLAGS=0x0000000000010216


Register to memory mapping:

RAX=0x398368b0042b0120 is an unknown value
RBX=0x0000000000000001 is an unknown value
RCX=0x000000000002243f is an unknown value
RDX=0x000000000002243f is an unknown value
RSP=0x0000008f125fe090 points into unknown readable memory: 0x00000064bb47cc09 | 09 cc 47 bb 64 00 00 00
RBP=0x0000000000000008 is an unknown value
RSI=0x0000008f10cfd9c0 is pointing into the stack for thread: 0x00000215754b1e10
RDI=0x0000008f10cfd9c0 is pointing into the stack for thread: 0x00000215754b1e10
R8 =0x00000215553665c0 points into unknown readable memory: 0x00007ff957c3b548 | 48 b5 c3 57 f9 7f 00 00
R9 =0x000000000e5a0a00 is an unknown value
R10=0x00000215553665c0 points into unknown readable memory: 0x00007ff957c3b548 | 48 b5 c3 57 f9 7f 00 00
R11=0x0000008f125fe2d8 points into unknown readable memory: 0x00007ff957533f7d | 7d 3f 53 57 f9 7f 00 00
R12=0x000000000e5a0a00 is an unknown value
R13=0x0000008f10cfd9c0 is pointing into the stack for thread: 0x00000215754b1e10
R14=0x0000021574c49860 points into unknown readable memory: 0x00007ff957c427d8 | d8 27 c4 57 f9 7f 00 00
R15=0x000002150072d03f is pointing into metadata

Top of Stack: (sp=0x0000008f125fe090)
0x0000008f125fe090:   00000064bb47cc09 0000000000000002
0x0000008f125fe0a0:   00000000000000ac 00007ff9578d814f
0x0000008f125fe0b0:   00000000000000ac 00007ff957539926
0x0000008f125fe0c0:   0000008f10cfd9c0 398368b0042b0120
0x0000008f125fe0d0:   0000008f10cfd9c0 0000000000000008
0x0000008f125fe0e0:   000002157441bd98 0000000000000000
0x0000008f125fe0f0:   0000021573423530 00000215732f75d0
0x0000008f125fe100:   0000021500544140 0000008f10cfd9c0
0x0000008f125fe110:   0000008f10cfd9c0 0000008f125fe260
0x0000008f125fe120:   000002157441bd98 00007ff957583dec
0x0000008f125fe130:   0000008f125f0000 0000008f125f0100
0x0000008f125fe140:   0000021500480090 0000000000000000
0x0000008f125fe150:   000002157441bd98 00007ff95753452b
0x0000008f125fe160:   0000000000000001 0000008f125fe430
0x0000008f125fe170:   000002157441bd98 0000008f125fe430
0x0000008f125fe180:   0000000f5e331201 00000215000b6430
0x0000008f125fe190:   000002157346ab80 0000021500000003
0x0000008f125fe1a0:   00000000000003d8 00000215732f75e0
0x0000008f125fe1b0:   00000215732f79b8 000002150072d03f
0x0000008f125fe1c0:   00000215000000b8 00000215000b6430
0x0000008f125fe1d0:   00007ff957c39f00 0000008f125fe430
0x0000008f125fe1e0:   000002157441bd98 0000000300000001
0x0000008f125fe1f0:   0000021500544140 0000001300000001
0x0000008f125fe200:   0000000000000032 000000010000000c
0x0000008f125fe210:   0000021500480090 0000000000000000
0x0000008f125fe220:   000002155e331210 00004180510601d6
0x0000008f125fe230:   00007ff957a75820 0000008f125fe2c0
0x0000008f125fe240:   00000000000003d8 00007ff957539926
0x0000008f125fe250:   000002150011f3e8 000000025e330008
0x0000008f125fe260:   0000021500000000 0000000000000001
0x0000008f125fe270:   000002157441bd98 00007ff957583e57
0x0000008f125fe280:   000002157441bd98 000002157441bd98 

Instructions: (pc=0x00007ff957575a98)
0x00007ff957575998:   55 41 56 41 57 48 83 ec 58 80 3d 72 9c 8c 00 00
0x00007ff9575759a8:   49 8b f9 4d 8b e8 0f b7 da 4c 8b f1 74 16 45 8b
0x00007ff9575759b8:   78 08 8b 0d f8 85 8c 00 49 d3 e7 4c 03 3d e6 85
0x00007ff9575759c8:   8c 00 eb 04 4d 8b 78 08 49 8b d7 49 8b cd e8 d5
0x00007ff9575759d8:   67 cb ff 4c 8b e0 48 89 7c 24 30 33 c0 8b e8 0f
0x00007ff9575759e8:   b7 c3 66 c1 e8 08 66 89 84 24 a0 00 00 00 84 c0
0x00007ff9575759f8:   75 52 48 8b cf 83 e1 03 83 3d 45 a4 8c 00 02 75
0x00007ff957575a08:   09 48 83 f9 02 0f 94 c1 eb 05 f6 d1 80 e1 01 84
0x00007ff957575a18:   c9 75 05 48 8b ef eb 12 48 8d 54 24 40 48 8d 4c
0x00007ff957575a28:   24 30 e8 11 be 2f 00 48 8b 28 48 c1 ed 03 83 e5
0x00007ff957575a38:   0f 41 3b ae 80 01 00 00 73 0a 66 89 9c 24 a8 00
0x00007ff957575a48:   00 00 eb 12 66 c7 84 24 a8 00 00 00 00 01 0f b7
0x00007ff957575a58:   9c 24 a8 00 00 00 4d 8b 46 08 49 8b d5 66 c1 eb
0x00007ff957575a68:   08 41 8b 88 18 02 00 00 49 8b 80 10 02 00 00 48
0x00007ff957575a78:   d3 e0 8b 0d c0 57 93 00 48 2b d0 49 8b 80 f8 01
0x00007ff957575a88:   00 00 48 d3 ea 8b ca 48 8b 04 c8 48 89 44 24 38
0x00007ff957575a98:   44 8b 80 8c 00 00 00 48 0f be c3 48 6b c8 38 49
0x00007ff957575aa8:   8b 46 70 44 89 84 24 b0 00 00 00 48 8b 54 01 10
0x00007ff957575ab8:   84 db 75 04 4a 8d 14 c2 48 8b 0a 48 8b 71 30 48
0x00007ff957575ac8:   8b 41 38 48 2b c6 48 c1 e8 03 49 3b c4 72 74 4a
0x00007ff957575ad8:   8d 1c e5 00 00 00 00 48 89 9c 24 b8 00 00 00 48
0x00007ff957575ae8:   8d 04 33 48 89 41 30 48 85 f6 74 67 4d 8b c4 48
0x00007ff957575af8:   8b d6 49 8b cd e8 9e 51 cb ff 48 8b ce 48 8b c7
0x00007ff957575b08:   48 83 c9 03 f0 49 0f b1 4d 00 48 8b d8 0f 84 81
0x00007ff957575b18:   00 00 00 48 83 e3 fc 74 7b 8b 84 24 b0 00 00 00
0x00007ff957575b28:   4d 8b cc 0f b7 94 24 a8 00 00 00 4c 8b c6 49 8b
0x00007ff957575b38:   4e 70 89 44 24 20 e8 5d 53 fc ff 48 8b c3 e9 34
0x00007ff957575b48:   03 00 00 4a 8d 04 e5 00 00 00 00 48 89 84 24 b8
0x00007ff957575b58:   00 00 00 44 89 44 24 28 48 8d 94 24 a8 00 00 00
0x00007ff957575b68:   4d 8b c5 89 6c 24 20 4d 8b cc 49 8b ce e8 c6 fb
0x00007ff957575b78:   ff ff 48 8b f0 48 85 c0 0f 85 6e ff ff ff 4d 8b
0x00007ff957575b88:   cc 4c 8b c7 49 8b d5 49 8b ce e8 b9 06 00 00 e9 


Stack slot to memory mapping:

stack at sp + 0 slots: 0x00000064bb47cc09 is an unknown value
stack at sp + 1 slots: 0x0000000000000002 is an unknown value
stack at sp + 2 slots: 0x00000000000000ac is an unknown value
stack at sp + 3 slots: 0x00007ff9578d814f jvm.dll
stack at sp + 4 slots: 0x00000000000000ac is an unknown value
stack at sp + 5 slots: 0x00007ff957539926 jvm.dll
stack at sp + 6 slots: 0x0000008f10cfd9c0 is pointing into the stack for thread: 0x00000215754b1e10
stack at sp + 7 slots: 0x398368b0042b0120 is an unknown value


---------------  P R O C E S S  ---------------

Threads class SMR info:
_java_thread_list=0x0000021576443840, length=37, elements={
0x000002156e10faf0, 0x000002156e110bc0, 0x000002156e114fc0, 0x000002156e114930,
0x000002156e113580, 0x000002156e113c10, 0x000002156e126b90, 0x000002156e1142a0,
0x000002156e2b5b30, 0x000002156e2bc370, 0x000002156e2c0a10, 0x000002156e112ef0,
0x000002156e115ce0, 0x000002156e115650, 0x000002156e116370, 0x00000215739f6a40,
0x00000215739fb270, 0x00000215739f91a0, 0x00000215739fc620, 0x00000215754ac8c0,
0x00000215754afd40, 0x00000215754ae300, 0x00000215754b1e10, 0x00000215754b2b30,
0x00000215754af6b0, 0x00000215754b0a60, 0x00000215754b31c0, 0x00000215754ad5e0,
0x00000215754b03d0, 0x00000215754b24a0, 0x00000215754ae990, 0x00000215754b3850,
0x00000215754b3ee0, 0x00000215754acf50, 0x00000215739f7df0, 0x00000215739f9830,
0x00000215739f5d20
}

Java Threads: ( => current thread )
  0x000002156e10faf0 JavaThread "Reference Handler"          daemon [_thread_blocked, id=23316, stack(0x0000008f11500000,0x0000008f11600000) (1024K)]
  0x000002156e110bc0 JavaThread "Finalizer"                  daemon [_thread_blocked, id=27156, stack(0x0000008f11600000,0x0000008f11700000) (1024K)]
  0x000002156e114fc0 JavaThread "Signal Dispatcher"          daemon [_thread_blocked, id=33640, stack(0x0000008f11700000,0x0000008f11800000) (1024K)]
  0x000002156e114930 JavaThread "Attach Listener"            daemon [_thread_blocked, id=34784, stack(0x0000008f11800000,0x0000008f11900000) (1024K)]
  0x000002156e113580 JavaThread "Service Thread"             daemon [_thread_blocked, id=40060, stack(0x0000008f11900000,0x0000008f11a00000) (1024K)]
  0x000002156e113c10 JavaThread "Monitor Deflation Thread"   daemon [_thread_blocked, id=40236, stack(0x0000008f11a00000,0x0000008f11b00000) (1024K)]
  0x000002156e126b90 JavaThread "C1 CompilerThread0"         daemon [_thread_blocked, id=40816, stack(0x0000008f11b00000,0x0000008f11c00000) (1024K)]
  0x000002156e1142a0 JavaThread "Common-Cleaner"             daemon [_thread_blocked, id=40956, stack(0x0000008f11d00000,0x0000008f11e00000) (1024K)]
  0x000002156e2b5b30 JavaThread "JDWP Transport Listener: dt_socket" daemon [_thread_blocked, id=42132, stack(0x0000008f11e00000,0x0000008f11f00000) (1024K)]
  0x000002156e2bc370 JavaThread "JDWP Event Helper Thread"   daemon [_thread_blocked, id=42312, stack(0x0000008f11f00000,0x0000008f12000000) (1024K)]
  0x000002156e2c0a10 JavaThread "JDWP Command Reader"        daemon [_thread_in_native, id=43376, stack(0x0000008f12000000,0x0000008f12100000) (1024K)]
  0x000002156e112ef0 JavaThread "Notification Thread"        daemon [_thread_blocked, id=45168, stack(0x0000008f12100000,0x0000008f12200000) (1024K)]
  0x000002156e115ce0 JavaThread "RMI TCP Accept-0"           daemon [_thread_in_native, id=8560, stack(0x0000008f12f00000,0x0000008f13000000) (1024K)]
  0x000002156e115650 JavaThread "RMI TCP Accept-54933"       daemon [_thread_in_native, id=42852, stack(0x0000008f13000000,0x0000008f13100000) (1024K)]
  0x000002156e116370 JavaThread "RMI TCP Accept-0"           daemon [_thread_in_native, id=38524, stack(0x0000008f13100000,0x0000008f13200000) (1024K)]
  0x00000215739f6a40 JavaThread "RMI Scheduler(0)"           daemon [_thread_blocked, id=28720, stack(0x0000008f13600000,0x0000008f13700000) (1024K)]
  0x00000215739fb270 JavaThread "RMI TCP Connection(12)-127.0.0.1" daemon [_thread_blocked, id=44244, stack(0x0000008f13700000,0x0000008f13800000) (1024K)]
  0x00000215739f91a0 JavaThread "JMX server connection timeout 59" daemon [_thread_blocked, id=13456, stack(0x0000008f13a00000,0x0000008f13b00000) (1024K)]
  0x00000215739fc620 JavaThread "mysql-cj-abandoned-connection-cleanup" daemon [_thread_blocked, id=8408, stack(0x0000008f13c00000,0x0000008f13d00000) (1024K)]
  0x00000215754ac8c0 JavaThread "Live Reload Server"         daemon [_thread_in_native, id=39556, stack(0x0000008f14e00000,0x0000008f14f00000) (1024K)]
  0x00000215754afd40 JavaThread "DestroyJavaVM"                     [_thread_blocked, id=34276, stack(0x0000008f10d00000,0x0000008f10e00000) (1024K)]
  0x00000215754ae300 JavaThread "Thread-5"                          [_thread_blocked, id=39896, stack(0x0000008f10a00000,0x0000008f10b00000) (1024K)]
  0x00000215754b1e10 JavaThread "restartedMain"                     [_thread_blocked, id=22584, stack(0x0000008f10c00000,0x0000008f10d00000) (1024K)]
  0x00000215754b2b30 JavaThread "HikariPool-2 housekeeper"   daemon [_thread_blocked, id=37576, stack(0x0000008f13300000,0x0000008f13400000) (1024K)]
  0x00000215754af6b0 JavaThread "Catalina-utility-1"                [_thread_blocked, id=44444, stack(0x0000008f13400000,0x0000008f13500000) (1024K)]
  0x00000215754b0a60 JavaThread "http-nio-8080-exec-1"       daemon [_thread_blocked, id=25064, stack(0x0000008f13500000,0x0000008f13600000) (1024K)]
  0x00000215754b31c0 JavaThread "http-nio-8080-exec-2"       daemon [_thread_blocked, id=46036, stack(0x0000008f13b00000,0x0000008f13c00000) (1024K)]
  0x00000215754ad5e0 JavaThread "http-nio-8080-exec-3"       daemon [_thread_blocked, id=9044, stack(0x0000008f13d00000,0x0000008f13e00000) (1024K)]
  0x00000215754b03d0 JavaThread "http-nio-8080-exec-4"       daemon [_thread_blocked, id=40500, stack(0x0000008f13e00000,0x0000008f13f00000) (1024K)]
  0x00000215754b24a0 JavaThread "Catalina-utility-2"                [_thread_blocked, id=37516, stack(0x0000008f13f00000,0x0000008f14000000) (1024K)]
  0x00000215754ae990 JavaThread "http-nio-8080-exec-5"       daemon [_thread_blocked, id=21376, stack(0x0000008f14000000,0x0000008f14100000) (1024K)]
  0x00000215754b3850 JavaThread "http-nio-8080-exec-6"       daemon [_thread_blocked, id=6516, stack(0x0000008f14100000,0x0000008f14200000) (1024K)]
  0x00000215754b3ee0 JavaThread "http-nio-8080-exec-7"       daemon [_thread_blocked, id=11396, stack(0x0000008f14200000,0x0000008f14300000) (1024K)]
  0x00000215754acf50 JavaThread "http-nio-8080-exec-8"       daemon [_thread_blocked, id=43440, stack(0x0000008f14300000,0x0000008f14400000) (1024K)]
  0x00000215739f7df0 JavaThread "http-nio-8080-exec-9"       daemon [_thread_blocked, id=44080, stack(0x0000008f14400000,0x0000008f14500000) (1024K)]
  0x00000215739f9830 JavaThread "http-nio-8080-exec-10"      daemon [_thread_blocked, id=39412, stack(0x0000008f14500000,0x0000008f14600000) (1024K)]
  0x00000215739f5d20 JavaThread "container-0"                       [_thread_blocked, id=45308, stack(0x0000008f14600000,0x0000008f14700000) (1024K)]
Total: 37

Other Threads:
  0x000002156b30e740 VMThread "VM Thread"                           [id=22068, stack(0x0000008f11400000,0x0000008f11500000) (1024K)]
  0x000002156b2f7900 WatcherThread "VM Periodic Task Thread"        [id=18256, stack(0x0000008f11300000,0x0000008f11400000) (1024K)]
  0x00000215553fdb00 WorkerThread "GC Thread#0"                     [id=33936, stack(0x0000008f10e00000,0x0000008f10f00000) (1024K)]
  0x000002157346a7e0 WorkerThread "GC Thread#1"                     [id=46548, stack(0x0000008f12400000,0x0000008f12500000) (1024K)]
=>0x000002157346ab80 WorkerThread "GC Thread#2"                     [id=32140, stack(0x0000008f12500000,0x0000008f12600000) (1024K)]
  0x0000021573489690 WorkerThread "GC Thread#3"                     [id=29212, stack(0x0000008f12600000,0x0000008f12700000) (1024K)]
  0x000002157348a860 WorkerThread "GC Thread#4"                     [id=38596, stack(0x0000008f12700000,0x0000008f12800000) (1024K)]
  0x000002157348ac00 WorkerThread "GC Thread#5"                     [id=29292, stack(0x0000008f12800000,0x0000008f12900000) (1024K)]
  0x000002157348afa0 WorkerThread "GC Thread#6"                     [id=13108, stack(0x0000008f12900000,0x0000008f12a00000) (1024K)]
  0x000002157348b340 WorkerThread "GC Thread#7"                     [id=35980, stack(0x0000008f12a00000,0x0000008f12b00000) (1024K)]
  0x000002157348baf0 WorkerThread "GC Thread#8"                     [id=46084, stack(0x0000008f12b00000,0x0000008f12c00000) (1024K)]
  0x000002157348dc50 WorkerThread "GC Thread#9"                     [id=2524, stack(0x0000008f12c00000,0x0000008f12d00000) (1024K)]
  0x000002157348c2f0 WorkerThread "GC Thread#10"                    [id=38708, stack(0x0000008f12d00000,0x0000008f12e00000) (1024K)]
  0x000002157348cdd0 WorkerThread "GC Thread#11"                    [id=38692, stack(0x0000008f12e00000,0x0000008f12f00000) (1024K)]
  0x000002157348ca30 WorkerThread "GC Thread#12"                    [id=4088, stack(0x0000008f13200000,0x0000008f13300000) (1024K)]
  0x000002155540eb20 ConcurrentGCThread "G1 Main Marker"            [id=17392, stack(0x0000008f10f00000,0x0000008f11000000) (1024K)]
  0x000002156b111680 WorkerThread "G1 Conc#0"                       [id=20492, stack(0x0000008f11000000,0x0000008f11100000) (1024K)]
  0x000002157348d8b0 WorkerThread "G1 Conc#1"                       [id=36840, stack(0x0000008f13800000,0x0000008f13900000) (1024K)]
  0x0000021573e9a040 WorkerThread "G1 Conc#2"                       [id=36788, stack(0x0000008f13900000,0x0000008f13a00000) (1024K)]
  0x000002156b1ba520 ConcurrentGCThread "G1 Refine#0"               [id=17288, stack(0x0000008f11100000,0x0000008f11200000) (1024K)]
  0x000002156b1bcac0 ConcurrentGCThread "G1 Service"                [id=10800, stack(0x0000008f11200000,0x0000008f11300000) (1024K)]
Total: 21

Threads with active compile tasks:
Total: 0

VM state: at safepoint (normal execution)

VM Mutex/Monitor currently owned by a thread:  ([mutex/lock_event])
[0x00007ff957ec3198] Threads_lock - owner thread: 0x000002156b30e740
[0x00007ff957ec3298] Heap_lock - owner thread: 0x00000215739fb270

Heap address: 0x0000000601000000, size: 8176 MB, Compressed Oops mode: Zero based, Oop shift amount: 3

CDS archive(s) mapped at: [0x0000021500000000-0x0000021500c90000-0x0000021500c90000), size 13172736, SharedBaseAddress: 0x0000021500000000, ArchiveRelocationMode: 1.
Compressed class space mapped at: 0x0000021501000000-0x0000021541000000, reserved size: 1073741824
Narrow klass base: 0x0000021500000000, Narrow klass shift: 0, Narrow klass range: 0x100000000

GC Precious Log:
 CardTable entry size: 512
 Card Set container configuration: InlinePtr #cards 4 size 8 Array Of Cards #cards 32 size 80 Howl #buckets 8 coarsen threshold 7372 Howl Bitmap #cards 1024 size 144 coarsen threshold 921 Card regions per heap region 1 cards per card region 8192
 CPUs: 16 total, 16 available
 Memory: 32694M
 Large Page Support: Disabled
 NUMA Support: Disabled
 Compressed Oops: Enabled (Zero based)
 Heap Region Size: 4M
 Heap Min Capacity: 8M
 Heap Initial Capacity: 512M
 Heap Max Capacity: 8176M
 Pre-touch: Disabled
 Parallel Workers: 13
 Concurrent Workers: 3
 Concurrent Refinement Workers: 13
 Periodic GC: Disabled

Heap:
 garbage-first heap   total 110592K, used 91491K [0x0000000601000000, 0x0000000800000000)
  region size 4096K, 17 young (69632K), 2 survivors (8192K)
 Metaspace       used 79259K, committed 80064K, reserved 1179648K
  class space    used 11107K, committed 11456K, reserved 1048576K

Heap Regions: E=young(eden), S=young(survivor), O=old, HS=humongous(starts), HC=humongous(continues), CS=collection set, F=free, TAMS=top-at-mark-start, PB=parsable bottom
|   0|0x0000000601000000, 0x00000006013fffe0, 0x0000000601400000| 99%| O|  |TAMS 0x00000006013fffe0| PB 0x0000000601000000| Untracked 
|   1|0x0000000601400000, 0x0000000601800000, 0x0000000601800000|100%| O|  |TAMS 0x0000000601800000| PB 0x0000000601400000| Untracked 
|   2|0x0000000601800000, 0x0000000601bffff8, 0x0000000601c00000| 99%| O|  |TAMS 0x0000000601bffff8| PB 0x0000000601800000| Untracked 
|   3|0x0000000601c00000, 0x0000000601ffffb8, 0x0000000602000000| 99%| O|  |TAMS 0x0000000601ffffb8| PB 0x0000000601c00000| Untracked 
|   4|0x0000000602000000, 0x00000006023fffa8, 0x0000000602400000| 99%| O|  |TAMS 0x00000006023fffa8| PB 0x0000000602000000| Untracked 
|   5|0x0000000602400000, 0x00000006027ff2a0, 0x0000000602800000| 99%| O|  |TAMS 0x00000006027ff2a0| PB 0x0000000602400000| Untracked 
|   6|0x0000000602800000, 0x0000000602bffff0, 0x0000000602c00000| 99%| O|  |TAMS 0x0000000602bffff0| PB 0x0000000602800000| Untracked 
|   7|0x0000000602c00000, 0x0000000602c930b8, 0x0000000603000000| 14%| O|  |TAMS 0x0000000602c930b8| PB 0x0000000602c00000| Untracked 
|   8|0x0000000603000000, 0x00000006030c6c68, 0x0000000603400000| 19%| O|  |TAMS 0x00000006030c6c68| PB 0x0000000603000000| Untracked 
|   9|0x0000000603400000, 0x0000000603400000, 0x0000000603800000|  0%| F|  |TAMS 0x0000000603400000| PB 0x0000000603400000| Untracked 
|  10|0x0000000603800000, 0x00000006038ef7c8, 0x0000000603c00000| 23%| S|  |TAMS 0x0000000603800000| PB 0x0000000603800000| Complete 
|  11|0x0000000603c00000, 0x0000000604000000, 0x0000000604000000|100%| S|  |TAMS 0x0000000603c00000| PB 0x0000000603c00000| Complete 
|  12|0x0000000604000000, 0x0000000604400000, 0x0000000604400000|100%| E|CS|TAMS 0x0000000604000000| PB 0x0000000604000000| Complete 
|  13|0x0000000604400000, 0x0000000604800000, 0x0000000604800000|100%| E|CS|TAMS 0x0000000604400000| PB 0x0000000604400000| Complete 
|  14|0x0000000604800000, 0x0000000604c00000, 0x0000000604c00000|100%| E|CS|TAMS 0x0000000604800000| PB 0x0000000604800000| Complete 
|  15|0x0000000604c00000, 0x0000000605000000, 0x0000000605000000|100%| E|CS|TAMS 0x0000000604c00000| PB 0x0000000604c00000| Complete 
|  16|0x0000000605000000, 0x0000000605400000, 0x0000000605400000|100%| E|CS|TAMS 0x0000000605000000| PB 0x0000000605000000| Complete 
|  17|0x0000000605400000, 0x0000000605800000, 0x0000000605800000|100%| E|CS|TAMS 0x0000000605400000| PB 0x0000000605400000| Complete 
|  18|0x0000000605800000, 0x0000000605c00000, 0x0000000605c00000|100%| E|CS|TAMS 0x0000000605800000| PB 0x0000000605800000| Complete 
|  19|0x0000000605c00000, 0x0000000606000000, 0x0000000606000000|100%| E|CS|TAMS 0x0000000605c00000| PB 0x0000000605c00000| Complete 
|  20|0x0000000606000000, 0x0000000606400000, 0x0000000606400000|100%| E|CS|TAMS 0x0000000606000000| PB 0x0000000606000000| Complete 
|  21|0x0000000606400000, 0x0000000606800000, 0x0000000606800000|100%| E|CS|TAMS 0x0000000606400000| PB 0x0000000606400000| Complete 
|  22|0x0000000606800000, 0x0000000606c00000, 0x0000000606c00000|100%| E|CS|TAMS 0x0000000606800000| PB 0x0000000606800000| Complete 
|  23|0x0000000606c00000, 0x0000000607000000, 0x0000000607000000|100%| E|CS|TAMS 0x0000000606c00000| PB 0x0000000606c00000| Complete 
|  53|0x000000060e400000, 0x000000060e800000, 0x000000060e800000|100%| E|CS|TAMS 0x000000060e400000| PB 0x000000060e400000| Complete 
|  54|0x000000060e800000, 0x000000060ec00000, 0x000000060ec00000|100%| E|CS|TAMS 0x000000060e800000| PB 0x000000060e800000| Complete 
| 127|0x0000000620c00000, 0x0000000621000000, 0x0000000621000000|100%| E|CS|TAMS 0x0000000620c00000| PB 0x0000000620c00000| Complete 

Card table byte_map: [0x0000021562080000,0x0000021563080000] _byte_map_base: 0x000002155f078000

Marking Bits: (CMBitMap*) 0x00000215553fe110
 Bits: [0x0000021563080000, 0x000002156b040000)

Polling page: 0x0000021553320000

Metaspace:

Usage:
  Non-class:     66.55 MB used.
      Class:     10.85 MB used.
       Both:     77.40 MB used.

Virtual space:
  Non-class space:      128.00 MB reserved,      67.00 MB ( 52%) committed,  2 nodes.
      Class space:        1.00 GB reserved,      11.19 MB (  1%) committed,  1 nodes.
             Both:        1.12 GB reserved,      78.19 MB (  7%) committed. 

Chunk freelists:
   Non-Class:  12.59 MB
       Class:  4.83 MB
        Both:  17.42 MB

MaxMetaspaceSize: unlimited
CompressedClassSpaceSize: 1.00 GB
Initial GC threshold: 21.00 MB
Current GC threshold: 130.12 MB
CDS: on
 - commit_granule_bytes: 65536.
 - commit_granule_words: 8192.
 - virtual_space_node_default_size: 8388608.
 - enlarge_chunks_in_place: 1.
 - use_allocation_guard: 0.


Internal statistics:

num_allocs_failed_limit: 9.
num_arena_births: 1150.
num_arena_deaths: 2.
num_vsnodes_births: 3.
num_vsnodes_deaths: 0.
num_space_committed: 1251.
num_space_uncommitted: 0.
num_chunks_returned_to_freelist: 12.
num_chunks_taken_from_freelist: 3966.
num_chunk_merges: 9.
num_chunk_splits: 2926.
num_chunks_enlarged: 2325.
num_inconsistent_stats: 0.

CodeCache: size=49152Kb used=14600Kb max_used=16267Kb free=34551Kb
 bounds [0x000002155da20000, 0x000002155ea10000, 0x0000021560a20000]
 total_blobs=8502 nmethods=7746 adapters=678
 compilation: enabled
              stopped_count=0, restarted_count=0
 full_count=0

Compilation events (20 events):
Event: 472.691 Thread 0x000002157338fc70 nmethod 7839 0x000002155ea00310 code [0x000002155ea005e0, 0x000002155ea01170]
Event: 472.691 Thread 0x00000215741ccbe0 nmethod 7840 0x000002155ea01910 code [0x000002155ea01b20, 0x000002155ea01f98]
Event: 472.722 Thread 0x00000215741ccbe0 7842       1       java.util.concurrent.atomic.AtomicReference::getAndSet (9 bytes)
Event: 472.722 Thread 0x00000215741ccbe0 nmethod 7842 0x000002155ea02290 code [0x000002155ea024a0, 0x000002155ea02938]
Event: 472.754 Thread 0x00000215741ccbe0 7843       1       org.h2.command.Prepared::setParameterList (6 bytes)
Event: 472.754 Thread 0x00000215741ccbe0 nmethod 7843 0x000002155ea02c10 code [0x000002155ea02da0, 0x000002155ea02eb8]
Event: 492.408 Thread 0x000002156e126b90 7844   !   1       org.apache.catalina.core.ContainerBase::getRealmInternal (38 bytes)
Event: 492.408 Thread 0x000002156e126b90 nmethod 7844 0x000002155dd90b90 code [0x000002155dd90d80, 0x000002155dd910d8]
Event: 492.408 Thread 0x000002156e126b90 7845       1       org.apache.catalina.mapper.MapperListener::lifecycleEvent (180 bytes)
Event: 492.408 Thread 0x000002156e126b90 nmethod 7845 0x000002155dd8fc10 code [0x000002155dd8fea0, 0x000002155dd90778]
Event: 492.408 Thread 0x000002156e126b90 7846   !   1       org.apache.catalina.core.ContainerBase::getClusterInternal (38 bytes)
Event: 492.409 Thread 0x000002156e126b90 nmethod 7846 0x000002155dd8f410 code [0x000002155dd8f600, 0x000002155dd8f958]
Event: 532.437 Thread 0x000002156e126b90 7847   !   1       org.apache.catalina.core.ContainerBase$ContainerBackgroundProcessor::processChildren (202 bytes)
Event: 532.438 Thread 0x000002156e126b90 nmethod 7847 0x000002155dd8d510 code [0x000002155dd8d840, 0x000002155dd8e908]
Event: 532.438 Thread 0x000002156e126b90 7848  s!   1       org.apache.catalina.core.ContainerBase::backgroundProcess (172 bytes)
Event: 532.439 Thread 0x000002156e126b90 nmethod 7848 0x000002155dd8c090 code [0x000002155dd8c320, 0x000002155dd8ce58]
Event: 532.517 Thread 0x000002156e126b90 7849       1       com.zaxxer.hikari.pool.PoolEntry::getState (8 bytes)
Event: 532.517 Thread 0x000002156e126b90 nmethod 7849 0x000002155dd8bc90 code [0x000002155dd8be40, 0x000002155dd8bf90]
Event: 532.517 Thread 0x000002156e126b90 7850       1       java.util.concurrent.atomic.AtomicIntegerFieldUpdater$AtomicIntegerFieldUpdaterImpl::get (17 bytes)
Event: 532.518 Thread 0x000002156e126b90 nmethod 7850 0x000002155dd8b890 code [0x000002155dd8ba40, 0x000002155dd8bb78]

GC Heap History (20 events):
Event: 3.175 GC heap after
{Heap after GC invocations=12 (full 0):
 garbage-first heap   total 81920K, used 22201K [0x0000000601000000, 0x0000000800000000)
  region size 4096K, 2 young (8192K), 2 survivors (8192K)
 Metaspace       used 38515K, committed 39040K, reserved 1114112K
  class space    used 5073K, committed 5312K, reserved 1048576K
}
Event: 3.415 GC heap before
{Heap before GC invocations=12 (full 0):
 garbage-first heap   total 81920K, used 63161K [0x0000000601000000, 0x0000000800000000)
  region size 4096K, 12 young (49152K), 2 survivors (8192K)
 Metaspace       used 42021K, committed 42560K, reserved 1114112K
  class space    used 5556K, committed 5760K, reserved 1048576K
}
Event: 3.417 GC heap after
{Heap after GC invocations=13 (full 0):
 garbage-first heap   total 81920K, used 23640K [0x0000000601000000, 0x0000000800000000)
  region size 4096K, 2 young (8192K), 2 survivors (8192K)
 Metaspace       used 42021K, committed 42560K, reserved 1114112K
  class space    used 5556K, committed 5760K, reserved 1048576K
}
Event: 3.651 GC heap before
{Heap before GC invocations=13 (full 0):
 garbage-first heap   total 81920K, used 64600K [0x0000000601000000, 0x0000000800000000)
  region size 4096K, 12 young (49152K), 2 survivors (8192K)
 Metaspace       used 45436K, committed 46080K, reserved 1114112K
  class space    used 6157K, committed 6464K, reserved 1048576K
}
Event: 3.654 GC heap after
{Heap after GC invocations=14 (full 0):
 garbage-first heap   total 303104K, used 24442K [0x0000000601000000, 0x0000000800000000)
  region size 4096K, 2 young (8192K), 2 survivors (8192K)
 Metaspace       used 45436K, committed 46080K, reserved 1114112K
  class space    used 6157K, committed 6464K, reserved 1048576K
}
Event: 4.095 GC heap before
{Heap before GC invocations=14 (full 0):
 garbage-first heap   total 303104K, used 94074K [0x0000000601000000, 0x0000000800000000)
  region size 4096K, 21 young (86016K), 2 survivors (8192K)
 Metaspace       used 52520K, committed 53120K, reserved 1114112K
  class space    used 7117K, committed 7424K, reserved 1048576K
}
Event: 4.099 GC heap after
{Heap after GC invocations=15 (full 0):
 garbage-first heap   total 303104K, used 25865K [0x0000000601000000, 0x0000000800000000)
  region size 4096K, 2 young (8192K), 2 survivors (8192K)
 Metaspace       used 52520K, committed 53120K, reserved 1114112K
  class space    used 7117K, committed 7424K, reserved 1048576K
}
Event: 4.458 GC heap before
{Heap before GC invocations=16 (full 0):
 garbage-first heap   total 110592K, used 83209K [0x0000000601000000, 0x0000000800000000)
  region size 4096K, 16 young (65536K), 2 survivors (8192K)
 Metaspace       used 58233K, committed 58944K, reserved 1114112K
  class space    used 8139K, committed 8448K, reserved 1048576K
}
Event: 4.461 GC heap after
{Heap after GC invocations=17 (full 0):
 garbage-first heap   total 110592K, used 27876K [0x0000000601000000, 0x0000000800000000)
  region size 4096K, 2 young (8192K), 2 survivors (8192K)
 Metaspace       used 58233K, committed 58944K, reserved 1114112K
  class space    used 8139K, committed 8448K, reserved 1048576K
}
Event: 5.015 GC heap before
{Heap before GC invocations=17 (full 0):
 garbage-first heap   total 110592K, used 85220K [0x0000000601000000, 0x0000000800000000)
  region size 4096K, 16 young (65536K), 2 survivors (8192K)
 Metaspace       used 63494K, committed 64192K, reserved 1114112K
  class space    used 8796K, committed 9088K, reserved 1048576K
}
Event: 5.019 GC heap after
{Heap after GC invocations=18 (full 0):
 garbage-first heap   total 110592K, used 27458K [0x0000000601000000, 0x0000000800000000)
  region size 4096K, 2 young (8192K), 2 survivors (8192K)
 Metaspace       used 63494K, committed 64192K, reserved 1114112K
  class space    used 8796K, committed 9088K, reserved 1048576K
}
Event: 5.425 GC heap before
{Heap before GC invocations=18 (full 0):
 garbage-first heap   total 110592K, used 84802K [0x0000000601000000, 0x0000000800000000)
  region size 4096K, 16 young (65536K), 2 survivors (8192K)
 Metaspace       used 67844K, committed 68544K, reserved 1114112K
  class space    used 9483K, committed 9792K, reserved 1048576K
}
Event: 5.429 GC heap after
{Heap after GC invocations=19 (full 0):
 garbage-first heap   total 110592K, used 30809K [0x0000000601000000, 0x0000000800000000)
  region size 4096K, 2 young (8192K), 2 survivors (8192K)
 Metaspace       used 67844K, committed 68544K, reserved 1114112K
  class space    used 9483K, committed 9792K, reserved 1048576K
}
Event: 39.637 GC heap before
{Heap before GC invocations=19 (full 0):
 garbage-first heap   total 110592K, used 88153K [0x0000000601000000, 0x0000000800000000)
  region size 4096K, 16 young (65536K), 2 survivors (8192K)
 Metaspace       used 72340K, committed 73088K, reserved 1114112K
  class space    used 10126K, committed 10496K, reserved 1048576K
}
Event: 39.641 GC heap after
{Heap after GC invocations=20 (full 0):
 garbage-first heap   total 110592K, used 33454K [0x0000000601000000, 0x0000000800000000)
  region size 4096K, 2 young (8192K), 2 survivors (8192K)
 Metaspace       used 72340K, committed 73088K, reserved 1114112K
  class space    used 10126K, committed 10496K, reserved 1048576K
}
Event: 51.686 GC heap before
{Heap before GC invocations=20 (full 0):
 garbage-first heap   total 110592K, used 86702K [0x0000000601000000, 0x0000000800000000)
  region size 4096K, 16 young (65536K), 2 survivors (8192K)
 Metaspace       used 77317K, committed 78080K, reserved 1179648K
  class space    used 10819K, committed 11136K, reserved 1048576K
}
Event: 51.689 GC heap after
{Heap after GC invocations=21 (full 0):
 garbage-first heap   total 110592K, used 35967K [0x0000000601000000, 0x0000000800000000)
  region size 4096K, 2 young (8192K), 2 survivors (8192K)
 Metaspace       used 77317K, committed 78080K, reserved 1179648K
  class space    used 10819K, committed 11136K, reserved 1048576K
}
Event: 471.951 GC heap before
{Heap before GC invocations=21 (full 0):
 garbage-first heap   total 110592K, used 68735K [0x0000000601000000, 0x0000000800000000)
  region size 4096K, 11 young (45056K), 2 survivors (8192K)
 Metaspace       used 79093K, committed 79936K, reserved 1179648K
  class space    used 11084K, committed 11456K, reserved 1048576K
}
Event: 472.006 GC heap after
{Heap after GC invocations=22 (full 1):
 garbage-first heap   total 110592K, used 30051K [0x0000000601000000, 0x0000000800000000)
  region size 4096K, 0 young (0K), 0 survivors (0K)
 Metaspace       used 79091K, committed 79936K, reserved 1179648K
  class space    used 11084K, committed 11456K, reserved 1048576K
}
Event: 542.230 GC heap before
{Heap before GC invocations=22 (full 1):
 garbage-first heap   total 110592K, used 91491K [0x0000000601000000, 0x0000000800000000)
  region size 4096K, 15 young (61440K), 0 survivors (0K)
 Metaspace       used 79259K, committed 80064K, reserved 1179648K
  class space    used 11107K, committed 11456K, reserved 1048576K
}

Dll operation events (12 events):
Event: 0.010 Loaded shared library C:\pleiades\2024-03\java\21\bin\java.dll
Event: 0.282 Loaded shared library C:\pleiades\2024-03\java\21\bin\zip.dll
Event: 0.286 Loaded shared library C:\pleiades\2024-03\java\21\bin\instrument.dll
Event: 0.290 Loaded shared library C:\pleiades\2024-03\java\21\bin\net.dll
Event: 0.291 Loaded shared library C:\pleiades\2024-03\java\21\bin\nio.dll
Event: 0.293 Loaded shared library C:\pleiades\2024-03\java\21\bin\zip.dll
Event: 0.402 Loaded shared library C:\pleiades\2024-03\java\21\bin\jimage.dll
Event: 0.440 Loaded shared library C:\pleiades\2024-03\java\21\bin\management.dll
Event: 0.448 Loaded shared library C:\pleiades\2024-03\java\21\bin\management_ext.dll
Event: 0.580 Loaded shared library C:\pleiades\2024-03\java\21\bin\verify.dll
Event: 0.650 Loaded shared library C:\pleiades\2024-03\java\21\bin\extnet.dll
Event: 1.620 Loaded shared library C:\pleiades\2024-03\java\21\bin\sunmscapi.dll

Deoptimization events (20 events):
Event: 472.707 Thread 0x00000215754b1e10 DEOPT PACKING pc=0x000002155e3059b4 sp=0x0000008f10cfb300
Event: 472.707 Thread 0x00000215754b1e10 DEOPT UNPACKING pc=0x000002155da74e42 sp=0x0000008f10cfa860 mode 1
Event: 472.707 Thread 0x00000215754b1e10 DEOPT PACKING pc=0x000002155e727cec sp=0x0000008f10cfb420
Event: 472.707 Thread 0x00000215754b1e10 DEOPT UNPACKING pc=0x000002155da74e42 sp=0x0000008f10cfa8f0 mode 1
Event: 472.707 Thread 0x00000215754b1e10 DEOPT PACKING pc=0x000002155e3059b4 sp=0x0000008f10cfb2f0
Event: 472.707 Thread 0x00000215754b1e10 DEOPT UNPACKING pc=0x000002155da74e42 sp=0x0000008f10cfa868 mode 1
Event: 472.708 Thread 0x00000215754b1e10 DEOPT PACKING pc=0x000002155e3059b4 sp=0x0000008f10cfca20
Event: 472.708 Thread 0x00000215754b1e10 DEOPT UNPACKING pc=0x000002155da74e42 sp=0x0000008f10cfbf80 mode 1
Event: 472.708 Thread 0x00000215754b1e10 DEOPT PACKING pc=0x000002155e727cec sp=0x0000008f10cfcb40
Event: 472.708 Thread 0x00000215754b1e10 DEOPT UNPACKING pc=0x000002155da74e42 sp=0x0000008f10cfc010 mode 1
Event: 472.708 Thread 0x00000215754b1e10 DEOPT PACKING pc=0x000002155e3059b4 sp=0x0000008f10cfca10
Event: 472.708 Thread 0x00000215754b1e10 DEOPT UNPACKING pc=0x000002155da74e42 sp=0x0000008f10cfbf88 mode 1
Event: 472.709 Thread 0x00000215754b1e10 DEOPT PACKING pc=0x000002155e28c96c sp=0x0000008f10cfcaa0
Event: 472.709 Thread 0x00000215754b1e10 DEOPT UNPACKING pc=0x000002155da74e42 sp=0x0000008f10cfbfc8 mode 1
Event: 472.709 Thread 0x00000215754b1e10 DEOPT PACKING pc=0x000002155e28e074 sp=0x0000008f10cfcb80
Event: 472.709 Thread 0x00000215754b1e10 DEOPT UNPACKING pc=0x000002155da74e42 sp=0x0000008f10cfc130 mode 1
Event: 472.709 Thread 0x00000215754b1e10 DEOPT PACKING pc=0x000002155e29052c sp=0x0000008f10cfccf0
Event: 472.709 Thread 0x00000215754b1e10 DEOPT UNPACKING pc=0x000002155da74e42 sp=0x0000008f10cfc2b0 mode 1
Event: 492.105 Thread 0x00000215754b1e10 DEOPT PACKING pc=0x000002155ddc7e34 sp=0x0000008f10cfd9c0
Event: 492.105 Thread 0x00000215754b1e10 DEOPT UNPACKING pc=0x000002155da74e42 sp=0x0000008f10cfce78 mode 0

Classes loaded (20 events):
Event: 471.927 Loading class sun/net/spi/DefaultProxySelector$1
Event: 471.927 Loading class sun/net/spi/DefaultProxySelector$1 done
Event: 471.927 Loading class sun/net/spi/DefaultProxySelector$NonProxyInfo
Event: 471.927 Loading class sun/net/spi/DefaultProxySelector$NonProxyInfo done
Event: 471.927 Loading class sun/net/spi/DefaultProxySelector$3
Event: 471.927 Loading class sun/net/spi/DefaultProxySelector$3 done
Event: 471.928 Loading class java/util/concurrent/locks/AbstractQueuedSynchronizer$SharedNode
Event: 471.928 Loading class java/util/concurrent/locks/AbstractQueuedSynchronizer$SharedNode done
Event: 471.931 Loading class java/util/AbstractMap$2
Event: 471.931 Loading class java/util/AbstractMap$2 done
Event: 471.932 Loading class java/util/AbstractMap$2$1
Event: 471.932 Loading class java/util/AbstractMap$2$1 done
Event: 471.948 Loading class java/io/FileOutputStream$1
Event: 471.948 Loading class java/io/FileOutputStream$1 done
Event: 472.006 Loading class java/lang/ref/Finalizer$2
Event: 472.008 Loading class java/lang/ref/Finalizer$2 done
Event: 472.008 Loading class java/lang/ref/Finalizer$1
Event: 472.008 Loading class java/lang/ref/Finalizer$1 done
Event: 472.390 Loading class java/io/InvalidClassException
Event: 472.390 Loading class java/io/InvalidClassException done

Classes unloaded (1 events):
Event: 471.969 Thread 0x000002156b30e740 Unloading class 0x0000021501a74400 'java/lang/invoke/LambdaForm$DMH+0x0000021501a74400'

Classes redefined (0 events):
No events

Internal exceptions (20 events):
Event: 80.457 Thread 0x00000215739f5690 Exception <a 'java/lang/NoSuchMethodError'{0x000000060ebe8c08}: 'void java.lang.invoke.DirectMethodHandle$Holder.invokeVirtual(java.lang.Object, java.lang.Object, double)'> (0x000000060ebe8c08) 
thrown [s\src\hotspot\share\interpreter\linkResolver.cpp, line 773]
Event: 80.457 Thread 0x00000215739f5690 Exception <a 'java/lang/NoSuchMethodError'{0x000000060ebf3690}: 'double java.lang.invoke.DelegatingMethodHandle$Holder.reinvoke_L(java.lang.Object, java.lang.Object, int)'> (0x000000060ebf3690) 
thrown [s\src\hotspot\share\interpreter\linkResolver.cpp, line 773]
Event: 80.458 Thread 0x00000215739f5690 Exception <a 'java/lang/NoSuchMethodError'{0x000000060ebfdb88}: 'void java.lang.invoke.DelegatingMethodHandle$Holder.reinvoke_L(java.lang.Object, java.lang.Object, double)'> (0x000000060ebfdb88) 
thrown [s\src\hotspot\share\interpreter\linkResolver.cpp, line 773]
Event: 80.480 Thread 0x00000215739f5690 Exception <a 'java/lang/NoSuchMethodError'{0x000000060e5f0150}: 'int java.lang.invoke.Invokers$Holder.invokeExact_MT(java.lang.Object, java.lang.Object, java.lang.Object)'> (0x000000060e5f0150) 
thrown [s\src\hotspot\share\interpreter\linkResolver.cpp, line 773]
Event: 80.480 Thread 0x00000215739f5690 Exception <a 'java/lang/NoSuchMethodError'{0x000000060e5f7518}: 'double java.lang.invoke.DelegatingMethodHandle$Holder.reinvoke_L(java.lang.Object, java.lang.Object)'> (0x000000060e5f7518) 
thrown [s\src\hotspot\share\interpreter\linkResolver.cpp, line 773]
Event: 80.481 Thread 0x00000215739f5690 Exception <a 'java/lang/NoSuchMethodError'{0x000000060e5fe840}: 'double java.lang.invoke.Invokers$Holder.invokeExact_MT(java.lang.Object, java.lang.Object, java.lang.Object)'> (0x000000060e5fe840) 
thrown [s\src\hotspot\share\interpreter\linkResolver.cpp, line 773]
Event: 80.489 Thread 0x00000215739f5690 Exception <a 'java/lang/NoSuchMethodError'{0x000000060e792118}: 'int java.lang.invoke.DirectMethodHandle$Holder.invokeStatic(java.lang.Object, java.lang.Object, int, int)'> (0x000000060e792118) 
thrown [s\src\hotspot\share\interpreter\linkResolver.cpp, line 773]
Event: 80.511 Thread 0x00000215739f5690 Exception <a 'java/lang/NoSuchMethodError'{0x0000000606ef7680}: 'double java.lang.invoke.DirectMethodHandle$Holder.invokeVirtual(java.lang.Object, java.lang.Object)'> (0x0000000606ef7680) 
thrown [s\src\hotspot\share\interpreter\linkResolver.cpp, line 773]
Event: 80.518 Thread 0x00000215739f8480 Exception <a 'java/lang/NoSuchMethodError'{0x0000000606f35808}: 'void java.lang.invoke.Invokers$Holder.invokeExact_MT(java.lang.Object, java.lang.Object, int, java.lang.Object)'> (0x0000000606f35808) 
thrown [s\src\hotspot\share\interpreter\linkResolver.cpp, line 773]
Event: 203.028 Thread 0x00000215739f5690 Exception <a 'java/lang/NoSuchMethodError'{0x0000000606773df0}: 'void java.lang.invoke.DirectMethodHandle$Holder.invokeSpecialIFC(java.lang.Object, java.lang.Object, int, java.lang.Object, java.lang.Object, java.lang.Object, java.lang.Object)'> (0x0000000606773df0) 
thrown [s\src\hotspot\share\interpreter\linkResolver.cpp, line 773]
Event: 471.943 Thread 0x00000215754ae300 Exception <a 'java/lang/NoSuchMethodError'{0x0000000605afc280}: static Lorg/springframework/security/authentication/AbstractAuthenticationToken;.<clinit>()V> (0x0000000605afc280) 
thrown [s\src\hotspot\share\prims\jni.cpp, line 1106]
Event: 471.951 Thread 0x00000215754b3850 Exception <a 'java/lang/InterruptedException'{0x0000000605b75a50}: sleep interrupted> (0x0000000605b75a50) 
thrown [s\src\hotspot\share\prims\jvm.cpp, line 3074]
Event: 472.018 Thread 0x00000215754b1e10 Exception <a 'sun/nio/fs/WindowsException'{0x0000000620c86550}> (0x0000000620c86550) 
thrown [s\src\hotspot\share\prims\jni.cpp, line 520]
Event: 472.299 Thread 0x00000215754b1e10 Exception <a 'java/lang/NoClassDefFoundError'{0x0000000605c9b778}: org/flywaydb/core/Flyway> (0x0000000605c9b778) 
thrown [s\src\hotspot\share\oops\constantPool.cpp, line 871]
Event: 472.300 Thread 0x00000215754b1e10 Exception <a 'java/lang/NoClassDefFoundError'{0x0000000605c9bdd8}: liquibase/integration/spring/SpringLiquibase> (0x0000000605c9bdd8) 
thrown [s\src\hotspot\share\oops\constantPool.cpp, line 871]
Event: 472.303 Thread 0x00000215754b1e10 Exception <a 'java/lang/NoClassDefFoundError'{0x0000000605cb78c8}: org/springframework/batch/core/repository/JobRepository> (0x0000000605cb78c8) 
thrown [s\src\hotspot\share\oops\constantPool.cpp, line 871]
Event: 472.303 Thread 0x00000215754b1e10 Exception <a 'java/lang/NoClassDefFoundError'{0x0000000605cb7f20}: org/quartz/Scheduler> (0x0000000605cb7f20) 
thrown [s\src\hotspot\share\oops\constantPool.cpp, line 871]
Event: 472.304 Thread 0x00000215754b1e10 Exception <a 'java/lang/NoClassDefFoundError'{0x0000000605cb85a0}: org/springframework/session/jdbc/JdbcIndexedSessionRepository> (0x0000000605cb85a0) 
thrown [s\src\hotspot\share\oops\constantPool.cpp, line 871]
Event: 472.308 Thread 0x00000215754b1e10 Exception <a 'java/lang/NoClassDefFoundError'{0x0000000605d129e8}: org/jooq/DSLContext> (0x0000000605d129e8) 
thrown [s\src\hotspot\share\oops\constantPool.cpp, line 871]
Event: 472.359 Thread 0x00000215754b1e10 Exception <a 'java/io/FileNotFoundException'{0x0000000605475a10}> (0x0000000605475a10) 
thrown [s\src\hotspot\share\prims\jni.cpp, line 520]

ZGC Phase Switch (0 events):
No events

VM Operations (20 events):
Event: 492.366 Executing VM operation: get/set locals done
Event: 492.366 Executing VM operation: get/set locals
Event: 492.366 Executing VM operation: get/set locals done
Event: 492.366 Executing VM operation: get/set locals
Event: 492.366 Executing VM operation: get/set locals done
Event: 492.367 Executing VM operation: get/set locals
Event: 492.367 Executing VM operation: get/set locals done
Event: 492.367 Executing VM operation: get/set locals
Event: 492.367 Executing VM operation: get/set locals done
Event: 492.367 Executing VM operation: get/set locals
Event: 492.367 Executing VM operation: get/set locals done
Event: 492.368 Executing VM operation: get/set locals
Event: 492.368 Executing VM operation: get/set locals done
Event: 492.368 Executing VM operation: get/set locals
Event: 492.368 Executing VM operation: get/set locals done
Event: 492.368 Executing VM operation: get/set locals
Event: 492.368 Executing VM operation: get/set locals done
Event: 492.368 Executing VM operation: get/set locals
Event: 492.368 Executing VM operation: get/set locals done
Event: 542.230 Executing VM operation: G1CollectForAllocation (G1 Evacuation Pause)

Events (20 events):
Event: 472.091 Thread 0x00000215754b03d0 Thread exited: 0x00000215754b03d0
Event: 472.382 Thread 0x00000215754b2b30 Thread added: 0x00000215754b2b30
Event: 472.393 Thread 0x00000215754af6b0 Thread added: 0x00000215754af6b0
Event: 472.393 Thread 0x00000215754b0a60 Thread added: 0x00000215754b0a60
Event: 472.393 Thread 0x00000215754b31c0 Thread added: 0x00000215754b31c0
Event: 472.393 Thread 0x00000215754ad5e0 Thread added: 0x00000215754ad5e0
Event: 472.393 Thread 0x00000215754b03d0 Thread added: 0x00000215754b03d0
Event: 472.394 Thread 0x00000215754b24a0 Thread added: 0x00000215754b24a0
Event: 472.394 Thread 0x00000215754ae990 Thread added: 0x00000215754ae990
Event: 472.394 Thread 0x00000215754b3850 Thread added: 0x00000215754b3850
Event: 472.394 Thread 0x00000215754b3ee0 Thread added: 0x00000215754b3ee0
Event: 472.394 Thread 0x00000215754acf50 Thread added: 0x00000215754acf50
Event: 472.394 Thread 0x00000215739f7df0 Thread added: 0x00000215739f7df0
Event: 472.394 Thread 0x00000215739f9830 Thread added: 0x00000215739f9830
Event: 472.394 Thread 0x00000215739f5d20 Thread added: 0x00000215739f5d20
Event: 472.488 Thread 0x00000215739f9ec0 Thread added: 0x00000215739f9ec0
Event: 477.767 Thread 0x00000215741ccbe0 Thread exited: 0x00000215741ccbe0
Event: 477.800 Thread 0x00000215739f9ec0 Thread exited: 0x00000215739f9ec0
Event: 482.777 Thread 0x0000021573396af0 Thread exited: 0x0000021573396af0
Event: 487.779 Thread 0x000002157338fc70 Thread exited: 0x000002157338fc70


Dynamic libraries:
0x00007ff7838c0000 - 0x00007ff7838ce000 	C:\pleiades\2024-03\java\21\bin\javaw.exe
0x00007ff9a0e90000 - 0x00007ff9a1088000 	C:\Windows\SYSTEM32\ntdll.dll
0x00007ff9a0400000 - 0x00007ff9a04bd000 	C:\Windows\System32\KERNEL32.DLL
0x00007ff99e8a0000 - 0x00007ff99eb96000 	C:\Windows\System32\KERNELBASE.dll
0x00007ff99e540000 - 0x00007ff99e640000 	C:\Windows\System32\ucrtbase.dll
0x00007ff994ca0000 - 0x00007ff994cb8000 	C:\pleiades\2024-03\java\21\bin\jli.dll
0x00007ff947270000 - 0x00007ff94728b000 	C:\pleiades\2024-03\java\21\bin\VCRUNTIME140.dll
0x00007ff9a00b0000 - 0x00007ff9a024f000 	C:\Windows\System32\USER32.dll
0x00007ff99e7d0000 - 0x00007ff99e7f2000 	C:\Windows\System32\win32u.dll
0x00007ff9a04c0000 - 0x00007ff9a04eb000 	C:\Windows\System32\GDI32.dll
0x00007ff9886d0000 - 0x00007ff98896a000 	C:\Windows\WinSxS\amd64_microsoft.windows.common-controls_6595b64144ccf1df_6.0.19041.4355_none_60b8b9eb71f62e16\COMCTL32.dll
0x00007ff99eba0000 - 0x00007ff99ecb7000 	C:\Windows\System32\gdi32full.dll
0x00007ff99f820000 - 0x00007ff99f8be000 	C:\Windows\System32\msvcrt.dll
0x00007ff99e800000 - 0x00007ff99e89d000 	C:\Windows\System32\msvcp_win.dll
0x00007ff9a0070000 - 0x00007ff9a00a2000 	C:\Windows\System32\IMM32.DLL
0x00007ff96db00000 - 0x00007ff96db0c000 	C:\pleiades\2024-03\java\21\bin\vcruntime140_1.dll
0x00007ff8af3a0000 - 0x00007ff8af42e000 	C:\pleiades\2024-03\java\21\bin\msvcp140.dll
0x00007ff957220000 - 0x00007ff957fa3000 	C:\pleiades\2024-03\java\21\bin\server\jvm.dll
0x00007ff99ef80000 - 0x00007ff99f030000 	C:\Windows\System32\ADVAPI32.dll
0x00007ff99eee0000 - 0x00007ff99ef80000 	C:\Windows\System32\sechost.dll
0x00007ff99f220000 - 0x00007ff99f343000 	C:\Windows\System32\RPCRT4.dll
0x00007ff99e7a0000 - 0x00007ff99e7c7000 	C:\Windows\System32\bcrypt.dll
0x00007ff9a04f0000 - 0x00007ff9a055b000 	C:\Windows\System32\WS2_32.dll
0x00007ff99dac0000 - 0x00007ff99db0b000 	C:\Windows\SYSTEM32\POWRPROF.dll
0x00007ff98c030000 - 0x00007ff98c057000 	C:\Windows\SYSTEM32\WINMM.dll
0x00007ff9961c0000 - 0x00007ff9961ca000 	C:\Windows\SYSTEM32\VERSION.dll
0x00007ff99d930000 - 0x00007ff99d942000 	C:\Windows\SYSTEM32\UMPDC.dll
0x00007ff99cd60000 - 0x00007ff99cd72000 	C:\Windows\SYSTEM32\kernel.appcore.dll
0x00007ff99ac60000 - 0x00007ff99ac6a000 	C:\pleiades\2024-03\java\21\bin\jimage.dll
0x00007ff99c0b0000 - 0x00007ff99c294000 	C:\Windows\SYSTEM32\DBGHELP.DLL
0x00007ff984130000 - 0x00007ff984164000 	C:\Windows\SYSTEM32\dbgcore.DLL
0x00007ff99edc0000 - 0x00007ff99ee42000 	C:\Windows\System32\bcryptPrimitives.dll
0x00007ff96c1b0000 - 0x00007ff96c1ec000 	C:\pleiades\2024-03\java\21\bin\jdwp.dll
0x00007ff998d70000 - 0x00007ff998d7f000 	C:\pleiades\2024-03\java\21\bin\instrument.dll
0x00007ff995500000 - 0x00007ff99551f000 	C:\pleiades\2024-03\java\21\bin\java.dll
0x00007ff9a0680000 - 0x00007ff9a0deb000 	C:\Windows\System32\SHELL32.dll
0x00007ff99c5c0000 - 0x00007ff99cd5d000 	C:\Windows\SYSTEM32\windows.storage.dll
0x00007ff99f440000 - 0x00007ff99f793000 	C:\Windows\System32\combase.dll
0x00007ff99df60000 - 0x00007ff99df8e000 	C:\Windows\SYSTEM32\Wldp.dll
0x00007ff99fd90000 - 0x00007ff99fe5d000 	C:\Windows\System32\OLEAUT32.dll
0x00007ff99f030000 - 0x00007ff99f0dd000 	C:\Windows\System32\SHCORE.dll
0x00007ff9a0df0000 - 0x00007ff9a0e45000 	C:\Windows\System32\shlwapi.dll
0x00007ff99e470000 - 0x00007ff99e494000 	C:\Windows\SYSTEM32\profapi.dll
0x00007ff975460000 - 0x00007ff97546c000 	C:\pleiades\2024-03\java\21\bin\dt_socket.dll
0x00007ff99d950000 - 0x00007ff99d98b000 	C:\Windows\SYSTEM32\IPHLPAPI.DLL
0x00007ff99dcc0000 - 0x00007ff99dd2a000 	C:\Windows\system32\mswsock.dll
0x00007ff99d990000 - 0x00007ff99da5b000 	C:\Windows\SYSTEM32\DNSAPI.dll
0x00007ff9a0610000 - 0x00007ff9a0618000 	C:\Windows\System32\NSI.dll
0x00007ff997cb0000 - 0x00007ff997cba000 	C:\Windows\System32\rasadhlp.dll
0x00007ff989d80000 - 0x00007ff989e00000 	C:\Windows\System32\fwpuclnt.dll
0x00007ff97f0a0000 - 0x00007ff97f0b8000 	C:\pleiades\2024-03\java\21\bin\zip.dll
0x00007ff998860000 - 0x00007ff998870000 	C:\pleiades\2024-03\java\21\bin\net.dll
0x00007ff9977c0000 - 0x00007ff9978ca000 	C:\Windows\SYSTEM32\WINHTTP.dll
0x00007ff975350000 - 0x00007ff975366000 	C:\pleiades\2024-03\java\21\bin\nio.dll
0x00007ff964310000 - 0x00007ff96431a000 	C:\pleiades\2024-03\java\21\bin\management.dll
0x00007ff963f00000 - 0x00007ff963f0b000 	C:\pleiades\2024-03\java\21\bin\management_ext.dll
0x00007ff99f350000 - 0x00007ff99f358000 	C:\Windows\System32\PSAPI.DLL
0x00007ff962940000 - 0x00007ff962957000 	C:\Windows\system32\napinsp.dll
0x00007ff962920000 - 0x00007ff96293b000 	C:\Windows\system32\pnrpnsp.dll
0x00007ff9992b0000 - 0x00007ff9992c5000 	C:\Windows\system32\wshbth.dll
0x00007ff999f90000 - 0x00007ff999fad000 	C:\Windows\system32\NLAapi.dll
0x00007ff962900000 - 0x00007ff962912000 	C:\Windows\System32\winrnr.dll
0x00007ff96aae0000 - 0x00007ff96aaf0000 	C:\pleiades\2024-03\java\21\bin\verify.dll
0x00007ff99deb0000 - 0x00007ff99dec8000 	C:\Windows\SYSTEM32\CRYPTSP.dll
0x00007ff99d570000 - 0x00007ff99d5a4000 	C:\Windows\system32\rsaenh.dll
0x00007ff99e3e0000 - 0x00007ff99e40e000 	C:\Windows\SYSTEM32\USERENV.dll
0x00007ff99ded0000 - 0x00007ff99dedc000 	C:\Windows\SYSTEM32\CRYPTBASE.dll
0x00007ff986e80000 - 0x00007ff986e89000 	C:\pleiades\2024-03\java\21\bin\extnet.dll
0x00007ff996a60000 - 0x00007ff996a6e000 	C:\pleiades\2024-03\java\21\bin\sunmscapi.dll
0x00007ff99e640000 - 0x00007ff99e79e000 	C:\Windows\System32\CRYPT32.dll
0x00007ff99dfd0000 - 0x00007ff99dff9000 	C:\Windows\SYSTEM32\ncrypt.dll
0x00007ff99df90000 - 0x00007ff99dfcb000 	C:\Windows\SYSTEM32\NTASN1.dll
0x00007ff946ce0000 - 0x00007ff946ce7000 	C:\Windows\system32\wshunix.dll

dbghelp: loaded successfully - version: 4.0.5 - missing functions: none
symbol engine: initialized successfully - sym options: 0x614 - pdb path: .;C:\pleiades\2024-03\java\21\bin;C:\Windows\SYSTEM32;C:\Windows\WinSxS\amd64_microsoft.windows.common-controls_6595b64144ccf1df_6.0.19041.4355_none_60b8b9eb71f62e16;C:\pleiades\2024-03\java\21\bin\server

VM Arguments:
jvm_args: -XX:+ShowCodeDetailsInExceptionMessages -agentlib:jdwp=transport=dt_socket,suspend=y,address=localhost:54934 -Dcom.sun.management.jmxremote -Dcom.sun.management.jmxremote.port=54933 -Dcom.sun.management.jmxremote.authenticate=false -Dcom.sun.management.jmxremote.ssl=false -Djava.rmi.server.hostname=localhost -Dspring.jmx.enabled=true -Dmanagement.endpoints.jmx.exposure.include=* -Dspring.application.admin.enabled=true -XX:TieredStopAtLevel=1 -Dspring.boot.project.name=CarSales -javaagent:C:\pleiades\2024-03\eclipse\configuration\org.eclipse.osgi\418\0\.cp\lib\javaagent-shaded.jar -Dfile.encoding=UTF-8 -Dstdout.encoding=UTF-8 -Dstderr.encoding=UTF-8 
java_command: com.mycompany.carsales.CarSalesApplication --spring.output.ansi.enabled=always
java_class_path (initial): C:\pleiades\2024-03\workspace\CarSales\bin\main;C:\Users\owner\.gradle\caches\modules-2\files-2.1\org.springframework.boot\spring-boot-starter-data-jdbc\3.3.0\6e1ccba31a556b499ae7aa2349992500924c89ed\spring-boot-starter-data-jdbc-3.3.0.jar;C:\Users\owner\.gradle\caches\modules-2\files-2.1\org.springframework.boot\spring-boot-starter-data-jpa\3.3.0\daa6f75f99e68f11f473a5681955764ff4d4b024\spring-boot-starter-data-jpa-3.3.0.jar;C:\Users\owner\.gradle\caches\modules-2\files-2.1\org.springframework.boot\spring-boot-starter-security\3.3.0\2d20fb8d3b186343c689a16bd26798cb32309c8\spring-boot-starter-security-3.3.0.jar;C:\Users\owner\.gradle\caches\modules-2\files-2.1\org.springframework.boot\spring-boot-starter-thymeleaf\3.3.0\b5321bd6f080ec0f373793b54d55a62f380aa815\spring-boot-starter-thymeleaf-3.3.0.jar;C:\Users\owner\.gradle\caches\modules-2\files-2.1\org.springframework.boot\spring-boot-starter-validation\3.3.0\567b0ee4be72f0888addbbb52f66979d5e6ecf1\spring-boot-starter-validation-3.3.0.jar;C:\Users\owner\.gradle\caches\modules-2\files-2.1\org.springframework.boot\spring-boot-starter-web\3.3.0\d8f587bc52e6c31dc4f161a49ce8f5e19f8853a9\spring-boot-starter-web-3.3.0.jar;C:\Users\owner\.gradle\caches\modules-2\files-2.1\org.thymeleaf.extras\thymeleaf-extras-springsecurity6\3.1.2.RELEASE\574c188eb147191e2f162419e9fc780fcf3256d7\thymeleaf-extras-springsecurity6-3.1.2.RELEASE.jar;C:\Users\owner\.gradle\caches\modules-2\files-2.1\org.springframework.boot\spring-boot-starter-jdbc\3.3.0\d2521191455fbf05c8d5bb49f39cb6d8fcb004b\spring-boot-starter-jdbc-3.3.0.jar;C:\Users\owner\.gradle\caches\modules-2\files-2.1\org.springframework.data\spring-data-jdbc\3.3.0\30419346c0a126584d18d2be37ad505837bd2646\spring-data-jdbc-3.3.0.jar;C:\Users\owner\.gradle\caches\modules-2\files-2.1\org.springframework.boot\spring-boot-starter-aop\3.3.0\f160f43a3f58618c92677d249a64def02a76830c\spring-boot-starter-aop-3.3.0.jar;C:\Users\owner\.gradle\caches\modules-2\files-2.1\org.hibernate.orm\hibernate-core\6.5.2.Final\e9e0cc47f6cd2b2553968aee66bd9e55e7485221\hibernate-core-6.5.2.Final.jar;C:\Users\owner\.gradle\caches\modules-2\files-2.1\org.springframework.data\spring-data-jpa\3.3.0\b1a00d814eeffd3024ddc9967b8f1e38d6f9deb7\spring-data-jpa-3.3.0.jar;C:\Users\owner\.gradle\caches\modules-2\files-2.1\org.springframework\spring-aspects\6.1.8\14565483b4dc6171a8d28f953cb202ecbf8fbd0e\spring-aspects-6.1.8.jar;C:\Users\owner\.gradle\caches\modules-2\files-2.1\org.springframework.boot\spring-boot-starter-json\3.3.0\1c9938093b372602f121e2b073f490897388cc71\spring-boot-starter-json-3.3.0.jar;C:\Users\owner\.gradle\caches\modules-2\files-2.1\org.springframework.boot\spring-boot-starter\3.3.0\1af929e0fcb10c2bfc3f3619f4ca9049bd927b\spring-boot-starter-3.3.0.jar;C:\Users\owner\.gradle\caches\modules-2\files-2.1\org.springframework.security\spring-security-config\6.3.0\51f6d9efa687095543086735578f34241200bf83\spring-security-config-6.3.0.jar;C:\Users\owner\.gradle\caches\modules-2\files-2.1\org.springframework.security\spring-security-web\6.3.0\dfdec2d22d6dff861af9e17e0893e3edc742694a\spring-security-web-6.3.0.jar;C:\Users\owner\.gradle\caches\modules-2\files-2.1\org.springframework\spring-webmvc\6.1.8\8496f8c010625bc0b857d19d2e93a9bdd691c1af\spring-webmvc-6.1.8.jar;C:\Users\owner\.gradle\caches\modules-2\files-2.1\org.springframework.data\spring-data-relational\3.3.0\886b09da220c4c99dbf3a2efe4a151202cf8806b\spring-data-relational-3.3.0.jar;C:\Users\owner\.gradle\caches\modules-2\files-2.1\org.springframework.boot\spring-boot-autoconfigure\3.3.0\1d98cfa94223e6a3a0e0ad301822cef90cc04fbc\spring-boot-autoconfigure-3.3.0.jar;C:\Users\owner\.gradle\caches\modules-2\files-2.1\org.springframework.boot\spring-boot\3.3.0\83d42f81f312d71b9425f58d1d3f9e8970e51b22\spring-boot-3.3.0.jar;C:\Users\owner\.gradle\caches\modules-2\files-2.1\org.springframework.security\spring-security-core\6.3.0\5775b401f2764e72bc8a47300a940b2d1e4ea719\spring-security-core-6.3.0.jar;C:\Users\owner\.gradle\caches\modules-2\files-2.1\org.springframework\spring-context\6.1.8\21219a0df58e5b96ef489a172b449232573352e8\spring-context-6.1.8.jar;C:\Users\owner\.gradle\caches\modules-2\files-2.1\org.springframework\spring-aop\6.1.8\ef793a21e405a88d9d32b92cb459c845ee12b271\spring-aop-6.1.8.jar;C:\Users\owner\.gradle\caches\modules-2\files-2.1\org.thymeleaf\thymeleaf-spring6\3.1.2.RELEASE\6030c7b4e260c41336f378e53da6e8531263f24b\thymeleaf-spring6-3.1.2.RELEASE.jar;C:\Users\owner\.gradle\caches\modules-2\files-2.1\org.springframework.boot\spring-boot-starter-tomcat\3.3.0\f9cdd6f3976d307e10cce065349e331d7162faf2\spring-boot-starter-tomcat-3.3.0.jar;C:\Users\owner\.gradle\caches\modules-2\files-2.1\org.apache.tomcat.embed\tomcat-embed-el\10.1.24\6e9c9dce63c10f903cb0aaaeff45f5f7092f5527\tomcat-embed-el-10.1.24.jar;C:\Users\owner\.gradle\caches\modules-2\files-2.1\org.hibernate.validator\hibernate-validator\8.0.1.Final\e49e116b3d3928060599b176b3538bb848718e95\hibernate-validator-8.0.1.Final.jar;C:\Users\owner\.gradle\caches\modules-2\files-2.1\org.springframework\spring-web\6.1.8\1461405dc325c82a0a058df033bee3d8c6dd6e41\spring-web-6.1.8.jar;C:\Users\owner\.gradle\caches\modules-2\files-2.1\com.zaxxer\HikariCP\5.1.0\8c96e36c14461fc436bb02b264b96ef3ca5dca8c\HikariCP-5.1.0.jar;C:\Users\owner\.gradle\caches\modules-2\files-2.1\org.springframework.data\spring-data-commons\3.3.0\4dc8ab6219476c3893b27f29ea232ad71911c86e\spring-data-commons-3.3.0.jar;C:\Users\owner\.gradle\caches\modules-2\files-2.1\org.thymeleaf\thymeleaf\3.1.2.RELEASE\273997509a4c7aef86cee0521750140c587d9be2\thymeleaf-3.1.2.RELEASE.jar;C:\Users\owner\.gradle\caches\modules-2\files-2.1\org.springframework.boot\spring-boot-starter-logging\3.3.0\79a400c9d7ce3a7cecf296fda402e3100a099bce\spring-boot-starter-logging-3.3.0.jar;C:\Users\owner\.gradle\caches\modules-2\files-2.1\ch.qos.logback\logback-classic\1.5.6\afc75d260d838a3bddfb8f207c2805ed7d1b34f9\logback-classic-1.5.6.jar;C:\Users\owner\.gradle\caches\modules-2\files-2.1\org.apache.logging.log4j\log4j-to-slf4j\2.23.1\425ad1eb8a39904d2830e907a324e956fb456520\log4j-to-slf4j-2.23.1.jar;C:\Users\owner\.gradle\caches\modules-2\files-2.1\org.slf4j\jul-to-slf4j\2.0.13\a3bcd9d9dd50c71ce69f06b1fd05e40fdeff6ba5\jul-to-slf4j-2.0.13.jar;C:\Users\owner\.gradle\caches\modules-2\files-2.1\org.slf4j\slf4j-api\2.0.13\80229737f704b121a318bba5d5deacbcf395bc77\slf4j-api-2.0.13.jar;C:\Users\owner\.gradle\caches\modules-2\files-2.1\org.springframework\spring-orm\6.1.8\f66e4c27c29f939083a164513b90ebf7109e76d1\spring-orm-6.1.8.jar;C:\Users\owner\.gradle\caches\modules-2\files-2.1\org.springframework\spring-jdbc\6.1.8\a744f02da5a64f2b497f143c461a5d5d675051e6\spring-jdbc-6.1.8.jar;C:\Users\owner\.gradle\caches\modules-2\files-2.1\org.springframework\spring-tx\6.1.8\1f0249f1785d39f9e21694aaeb4b02916abda632\spring-tx-6.1.8.jar;C:\Users\owner\.gradle\caches\modules-2\files-2.1\org.springframework\spring-beans\6.1.8\79a5e45383542ff514b5328fe277410cf4054f3b\spring-beans-6.1.8.jar;C:\Users\owner\.gradle\caches\modules-2\files-2.1\org.springframework\spring-expression\6.1.8\dcf78ef442c24f32ff8c6a9746e7f5209b330111\spring-expression-6.1.8.jar;C:\Users\owner\.gradle\caches\modules-2\files-2.1\org.springframework\spring-core\6.1.8\141fc11a5dbaa503fe361150312ad0fa9d9c03da\spring-core-6.1.8.jar;C:\Users\owner\.gradle\caches\modules-2\files-2.1\org.aspectj\aspectjweaver\1.9.22\10736ab74a53af5e2e1b07e76335a5391526b6f8\aspectjweaver-1.9.22.jar;C:\Users\owner\.gradle\caches\modules-2\files-2.1\jakarta.persistence\jakarta.persistence-api\3.1.0\66901fa1c373c6aff65c13791cc11da72060a8d6\jakarta.persistence-api-3.1.0.jar;C:\Users\owner\.gradle\caches\modules-2\files-2.1\jakarta.transaction\jakarta.transaction-api\2.0.1\51a520e3fae406abb84e2e1148e6746ce3f80a1a\jakarta.transaction-api-2.0.1.jar;C:\Users\owner\.gradle\caches\modules-2\files-2.1\org.antlr\antlr4-runtime\4.13.0\5a02e48521624faaf5ff4d99afc88b01686af655\antlr4-runtime-4.13.0.jar;C:\Users\owner\.gradle\caches\modules-2\files-2.1\jakarta.annotation\jakarta.annotation-api\2.1.1\48b9bda22b091b1f48b13af03fe36db3be6e1ae3\jakarta.annotation-api-2.1.1.jar;C:\Users\owner\.gradle\caches\modules-2\files-2.1\org.yaml\snakeyaml\2.2\3af797a25458550a16bf89acc8e4ab2b7f2bfce0\snakeyaml-2.2.jar;C:\Users\owner\.gradle\caches\modules-2\files-2.1\jakarta.validation\jakarta.validation-api\3.0.2\92b6631659ba35ca09e44874d3eb936edfeee532\jakarta.validation-api-3.0.2.jar;C:\Users\owner\.gradle\caches\modules-2\files-2.1\org.jboss.logging\jboss-logging\3.5.3.Final\c88fc1d8a96d4c3491f55d4317458ccad53ca663\jboss-logging-3.5.3.Final.jar;C:\Users\owner\.gradle\caches\modules-2\files-2.1\com.fasterxml\classmate\1.7.0\e98374da1f2143ac8e6e0a95036994bb19137a3\classmate-1.7.0.jar;C:\Users\owner\.gradle\caches\modules-2\files-2.1\com.fasterxml.jackson.datatype\jackson-datatype-jsr310\2.17.1\969b0c3cb8c75d759e9a6c585c44c9b9f3a4f75\jackson-datatype-jsr310-2.17.1.jar;C:\Users\owner\.gradle\caches\modules-2\files-2.1\com.fasterxml.jackson.module\jackson-module-parameter-names\2.17.1\74a998f6fbcedbddedf0a27e8ce72078b2e516a6\jackson-module-parameter-names-2.17.1.jar;C:\Users\owner\.gradle\caches\modules-2\files-2.1\com.fasterxml.jackson.core\jackson-annotations\2.17.1\fca7ef6192c9ad05d07bc50da991bf937a84af3a\jackson-annotations-2.17.1.jar;C:\Users\owner\.gradle\caches\modules-2\files-2.1\com.fasterxml.jackson.core\jackson-core\2.17.1\5e52a11644cd59a28ef79f02bddc2cc3bab45edb\jackson-core-2.17.1.jar;C:\Users\owner\.gradle\caches\modules-2\files-2.1\com.fasterxml.jackson.datatype\jackson-datatype-jdk8\2.17.1\76b495194c36058904c82e288d285a1bd13f0ffa\jackson-datatype-jdk8-2.17.1.jar;C:\Users\owner\.gradle\caches\modules-2\files-2.1\com.fasterxml.jackson.core\jackson-databind\2.17.1\524dcbcccdde7d45a679dfc333e4763feb09079\jackson-databind-2.17.1.jar;C:\Users\owner\.gradle\caches\modules-2\files-2.1\org.apache.tomcat.embed\tomcat-embed-websocket\10.1.24\938419aba5a4f4645b9cd23a9e1d5453e85d09b9\tomcat-embed-websocket-10.1.24.jar;C:\Users\owner\.gradle\caches\modules-2\files-2.1\org.apache.tomcat.embed\tomcat-embed-core\10.1.24\cd9358f0a26d26e1a2c7200f69cb9a302c20ceb4\tomcat-embed-core-10.1.24.jar;C:\Users\owner\.gradle\caches\modules-2\files-2.1\io.micrometer\micrometer-observation\1.13.0\5aa75fbb4367dc3b28e557d14535d21335dc8985\micrometer-observation-1.13.0.jar;C:\Users\owner\.gradle\caches\modules-2\files-2.1\com.github.jsqlparser\jsqlparser\4.6\a4d1bda17df913c8b3ff12d39e35e9efd3a4e01f\jsqlparser-4.6.jar;C:\Users\owner\.gradle\caches\modules-2\files-2.1\org.springframework\spring-jcl\6.1.8\a545266a6efac9283353a922783a0a06f197ec0\spring-jcl-6.1.8.jar;C:\Users\owner\.gradle\caches\modules-2\files-2.1\org.springframework.security\spring-security-crypto\6.3.0\78f15b86c791fc7af446cec84ccd941e2eee32cb\spring-security-crypto-6.3.0.jar;C:\Users\owner\.gradle\caches\modules-2\files-2.1\org.attoparser\attoparser\2.0.7.RELEASE\e5d0e988d9124139d645bb5872b24dfa23e283cc\attoparser-2.0.7.RELEASE.jar;C:\Users\owner\.gradle\caches\modules-2\files-2.1\org.unbescape\unbescape\1.1.6.RELEASE\7b90360afb2b860e09e8347112800d12c12b2a13\unbescape-1.1.6.RELEASE.jar;C:\Users\owner\.gradle\caches\modules-2\files-2.1\io.micrometer\micrometer-commons\1.13.0\156a59aff8d72c5e631eb4a2d739373ed5881609\micrometer-commons-1.13.0.jar;C:\Users\owner\.gradle\caches\modules-2\files-2.1\ch.qos.logback\logback-core\1.5.6\41cbe874701200c5624c19e0ab50d1b88dfcc77d\logback-core-1.5.6.jar;C:\Users\owner\.gradle\caches\modules-2\files-2.1\org.apache.logging.log4j\log4j-api\2.23.1\9c15c29c526d9c6783049c0a77722693c66706e1\log4j-api-2.23.1.jar;C:\Users\owner\.gradle\caches\modules-2\files-2.1\org.springframework.boot\spring-boot-devtools\3.3.0\39c6e0d1648deda614d6876524a2778cbd3ddc3c\spring-boot-devtools-3.3.0.jar;C:\Users\owner\.gradle\caches\modules-2\files-2.1\com.h2database\h2\2.2.224\7bdade27d8cd197d9b5ce9dc251f41d2edc5f7ad\h2-2.2.224.jar;C:\Users\owner\.gradle\caches\modules-2\files-2.1\com.mysql\mysql-connector-j\8.3.0\1cc7fa5d61f4bbc113531a4ba6d85d41cf3d57e1\mysql-connector-j-8.3.0.jar;C:\Users\owner\.gradle\caches\modules-2\files-2.1\org.hibernate.common\hibernate-commons-annotations\6.0.6.Final\77a5f94b56d49508e0ee334751db5b78e5ccd50c\hibernate-commons-annotations-6.0.6.Final.jar;C:\Users\owner\.gradle\caches\modules-2\files-2.1\io.smallrye\jandex\3.1.2\a6c1c89925c7df06242b03dddb353116ceb9584c\jandex-3.1.2.jar;C:\Users\owner\.gradle\caches\modules-2\files-2.1\net.bytebuddy\byte-buddy\1.14.16\e1b9a06e131b7d5b183c8ccc7c29b9e5a8dba077\byte-buddy-1.14.16.jar;C:\Users\owner\.gradle\caches\modules-2\files-2.1\org.glassfish.jaxb\jaxb-runtime\4.0.5\ca84c2a7169b5293e232b9d00d1e4e36d4c3914a\jaxb-runtime-4.0.5.jar;C:\Users\owner\.gradle\caches\modules-2\files-2.1\org.glassfish.jaxb\jaxb-core\4.0.5\7b4b11ea5542eea4ad55e1080b23be436795b3\jaxb-core-4.0.5.jar;C:\Users\owner\.gradle\caches\modules-2\files-2.1\jakarta.xml.bind\jakarta.xml.bind-api\4.0.2\6cd5a999b834b63238005b7144136379dc36cad2\jakarta.xml.bind-api-4.0.2.jar;C:\Users\owner\.gradle\caches\modules-2\files-2.1\jakarta.inject\jakarta.inject-api\2.0.1\4c28afe1991a941d7702fe1362c365f0a8641d1e\jakarta.inject-api-2.0.1.jar;C:\Users\owner\.gradle\caches\modules-2\files-2.1\org.eclipse.angus\angus-activation\2.0.2\41f1e0ddd157c856926ed149ab837d110955a9fc\angus-activation-2.0.2.jar;C:\Users\owner\.gradle\caches\modules-2\files-2.1\jakarta.activation\jakarta.activation-api\2.1.3\fa165bd70cda600368eee31555222776a46b881f\jakarta.activation-api-2.1.3.jar;C:\Users\owner\.gradle\caches\modules-2\files-2.1\org.glassfish.jaxb\txw2\4.0.5\f36a4ef12120a9bb06d766d6a0e54b144fd7ed98\txw2-4.0.5.jar;C:\Users\owner\.gradle\caches\modules-2\files-2.1\com.sun.istack\istack-commons-runtime\4.1.2\18ec117c85f3ba0ac65409136afa8e42bc74e739\istack-commons-runtime-4.1.2.jar
Launcher Type: SUN_STANDARD

[Global flags]
     intx CICompilerCount                          = 12                                        {product} {ergonomic}
     uint ConcGCThreads                            = 3                                         {product} {ergonomic}
     uint G1ConcRefinementThreads                  = 13                                        {product} {ergonomic}
   size_t G1HeapRegionSize                         = 4194304                                   {product} {ergonomic}
    uintx GCDrainStackTargetSize                   = 64                                        {product} {ergonomic}
   size_t InitialHeapSize                          = 536870912                                 {product} {ergonomic}
     bool ManagementServer                         = true                                      {product} {command line}
   size_t MarkStackSize                            = 4194304                                   {product} {ergonomic}
   size_t MaxHeapSize                              = 8573157376                                {product} {ergonomic}
   size_t MaxNewSize                               = 5142216704                                {product} {ergonomic}
   size_t MinHeapDeltaBytes                        = 4194304                                   {product} {ergonomic}
   size_t MinHeapSize                              = 8388608                                   {product} {ergonomic}
    uintx NonNMethodCodeHeapSize                   = 4096                                   {pd product} {ergonomic}
    uintx NonProfiledCodeHeapSize                  = 0                                      {pd product} {ergonomic}
     bool ProfileInterpreter                       = false                                  {pd product} {command line}
    uintx ProfiledCodeHeapSize                     = 0                                      {pd product} {ergonomic}
     bool ShowCodeDetailsInExceptionMessages       = true                                   {manageable} {command line}
   size_t SoftMaxHeapSize                          = 8573157376                             {manageable} {ergonomic}
     intx TieredStopAtLevel                        = 1                                         {product} {command line}
     bool UseCompressedOops                        = true                           {product lp64_product} {ergonomic}
     bool UseG1GC                                  = true                                      {product} {ergonomic}
     bool UseLargePagesIndividualAllocation        = false                                  {pd product} {ergonomic}

Logging:
Log output configuration:
 #0: stdout all=warning uptime,level,tags foldmultilines=false
 #1: stderr all=off uptime,level,tags foldmultilines=false

Environment Variables:
JAVA_HOME=C:\Program Files\Java\jdk-16.0.1
PATH=C:/pleiades/2024-03/java/21/bin/server;C:/pleiades/2024-03/java/21/bin;C:\Program Files\Common Files\Oracle\Java\javapath;C:\Windows\system32;C:\Windows;C:\Windows\System32\Wbem;C:\Windows\System32\WindowsPowerShell\v1.0\;C:\Windows\System32\OpenSSH\;C:\Program Files (x86)\NVIDIA Corporation\PhysX\Common;C:\Program Files\NVIDIA Corporation\NVIDIA NvDLISR;C:\Program Files\Git\cmd;C:\Program Files\Java\jdk-16.0.1\bin;C:\Program Files\dotnet\;C:\Users\owner\AppData\Local\Android\Sdk\platform-tools;C:\Users\owner\AppData\Local\Programs\Python\Python310\Scripts\;C:\Users\owner\AppData\Local\Programs\Python\Python310\;C:\Users\owner\AppData\Local\Microsoft\WindowsApps;C:\Users\owner\AppData\Local\Programs\Microsoft VS Code\bin;C:\Users\owner\flutter\bin;C:\Users\owner\.dotnet\tools;C:\pleiades\2024-03\eclipse;
USERNAME=owner
OS=Windows_NT
PROCESSOR_IDENTIFIER=AMD64 Family 23 Model 113 Stepping 0, AuthenticAMD
TMP=C:\Users\owner\AppData\Local\Temp
TEMP=C:\Users\owner\AppData\Local\Temp




Periodic native trim disabled

---------------  S Y S T E M  ---------------

OS:
 Windows 10 , 64 bit Build 19041 (10.0.19041.3636)
OS uptime: 4 days 4:08 hours

CPU: total 16 (initial active 16) (16 cores per cpu, 2 threads per core) family 23 model 113 stepping 0 microcode 0x0, cx8, cmov, fxsr, ht, mmx, 3dnowpref, sse, sse2, sse3, ssse3, sse4a, sse4.1, sse4.2, popcnt, lzcnt, tsc, tscinvbit, avx, avx2, aes, clmul, bmi1, bmi2, adx, sha, fma, vzeroupper, clflush, clflushopt, rdtscp, rdpid, f16c
Processor Information for all 16 processors :
  Max Mhz: 3593, Current Mhz: 3593, Mhz Limit: 3593

Memory: 4k page, system-wide physical 32694M (8411M free)
TotalPageFile size 70814M (AvailPageFile size 11484M)
current process WorkingSet (physical memory assigned to process): 299M, peak: 312M
current process commit charge ("private bytes"): 349M, peak: 650M

vm_info: OpenJDK 64-Bit Server VM (21.0.2+13-LTS) for windows-amd64 JRE (21.0.2+13-LTS), built on 2024-01-16T00:00:00Z by "admin" with unknown MS VC++:1937

END.
